<?xml version="1.0" encoding="UTF-8"?>
<testsuite xmlns:xsi="http://www.w3.org/2001/XMLSchema-instance" xsi:noNamespaceSchemaLocation="https://maven.apache.org/surefire/maven-surefire-plugin/xsd/surefire-test-report.xsd" name="TestSuite" time="22.62" tests="26" errors="0" skipped="0" failures="0">
  <properties>
    <property name="java.runtime.name" value="Java(TM) SE Runtime Environment"/>
    <property name="sun.boot.library.path" value="C:\Program Files\Java\jdk1.8.0_221\jre\bin"/>
    <property name="java.vm.version" value="25.221-b11"/>
    <property name="user.country.format" value="150"/>
    <property name="java.vm.vendor" value="Oracle Corporation"/>
    <property name="maven.multiModuleProjectDirectory" value="C:\Users\38066\Desktop\TA_SS_EPAM\TA_SS_REST_test_framework"/>
    <property name="java.vendor.url" value="http://java.oracle.com/"/>
    <property name="path.separator" value=";"/>
    <property name="guice.disable.misplaced.annotation.check" value="true"/>
    <property name="java.vm.name" value="Java HotSpot(TM) 64-Bit Server VM"/>
    <property name="file.encoding.pkg" value="sun.io"/>
    <property name="user.script" value=""/>
    <property name="user.country" value="UA"/>
    <property name="sun.java.launcher" value="SUN_STANDARD"/>
    <property name="sun.os.patch.level" value=""/>
    <property name="java.vm.specification.name" value="Java Virtual Machine Specification"/>
    <property name="user.dir" value="C:\Users\38066\Desktop\TA_SS_EPAM\TA_SS_REST_test_framework"/>
    <property name="java.runtime.version" value="1.8.0_221-b11"/>
    <property name="java.awt.graphicsenv" value="sun.awt.Win32GraphicsEnvironment"/>
    <property name="java.endorsed.dirs" value="C:\Program Files\Java\jdk1.8.0_221\jre\lib\endorsed"/>
    <property name="os.arch" value="amd64"/>
    <property name="java.io.tmpdir" value="C:\Users\38066\AppData\Local\Temp\"/>
    <property name="line.separator" value="&#10;"/>
    <property name="java.vm.specification.vendor" value="Oracle Corporation"/>
    <property name="user.variant" value=""/>
    <property name="os.name" value="Windows 10"/>
    <property name="idea.version2020.1" value="true"/>
    <property name="maven.ext.class.path" value="C:\Program Files\JetBrains\IntelliJ IDEA 2020.1\plugins\maven\lib\maven-event-listener.jar"/>
    <property name="classworlds.conf" value="C:\Program Files\JetBrains\IntelliJ IDEA 2020.1\plugins\maven\lib\maven3\bin\m2.conf"/>
    <property name="sun.jnu.encoding" value="Cp1252"/>
    <property name="java.library.path" value="C:\Program Files\Java\jdk1.8.0_221\bin;C:\WINDOWS\Sun\Java\bin;C:\WINDOWS\system32;C:\WINDOWS;C:\Program Files (x86)\Common Files\Oracle\Java\javapath;c:\users\38066\.pyenv\pyenv-win\bin;C:\WINDOWS\system32;C:\WINDOWS;C:\WINDOWS\System32\Wbem;C:\WINDOWS\System32\WindowsPowerShell\v1.0\;C:\WINDOWS\System32\OpenSSH\;C:\Program Files\Git\cmd;c:\users\38066\.pyenv\pyenv-win\shims;C:\Users\38066\bin;C:\Program Files\nodejs\;C:\Program Files\Maven\bin;C:\Program Files\Java\jdk1.8.0_221\bin;C:\Users\38066\scoop\shims;C:\Program Files\MySQL\MySQL Shell 8.0\bin\;C:\Users\38066\AppData\Local\Programs\Python\Python36\Scripts\;C:\Users\38066\AppData\Local\Programs\Python\Python36\;C:\Users\38066\AppData\Local\Microsoft\WindowsApps;C:\Users\38066\AppData\Local\Microsoft\WindowsApps;C:\Users\38066\.dotnet\tools;C:\Users\38066\bin\script;C:\Users\38066\AppData\Roaming\npm;."/>
    <property name="maven.conf" value="C:\Program Files\JetBrains\IntelliJ IDEA 2020.1\plugins\maven\lib\maven3/conf"/>
    <property name="java.specification.name" value="Java Platform API Specification"/>
    <property name="java.class.version" value="52.0"/>
    <property name="sun.management.compiler" value="HotSpot 64-Bit Tiered Compilers"/>
    <property name="os.version" value="10.0"/>
    <property name="user.home" value="C:\Users\38066"/>
    <property name="user.timezone" value="Europe/Helsinki"/>
    <property name="java.awt.printerjob" value="sun.awt.windows.WPrinterJob"/>
    <property name="java.specification.version" value="1.8"/>
    <property name="file.encoding" value="UTF-8"/>
    <property name="user.name" value="38066"/>
    <property name="java.class.path" value="C:\Program Files\JetBrains\IntelliJ IDEA 2020.1\plugins\maven\lib\maven3\boot\plexus-classworlds-2.6.0.jar;C:\Program Files\JetBrains\IntelliJ IDEA 2020.1\lib\idea_rt.jar"/>
    <property name="java.vm.specification.version" value="1.8"/>
    <property name="sun.arch.data.model" value="64"/>
    <property name="java.home" value="C:\Program Files\Java\jdk1.8.0_221\jre"/>
    <property name="sun.java.command" value="org.codehaus.classworlds.Launcher -Didea.version2020.1 clean test"/>
    <property name="java.specification.vendor" value="Oracle Corporation"/>
    <property name="user.language" value="uk"/>
    <property name="user.language.format" value="en"/>
    <property name="awt.toolkit" value="sun.awt.windows.WToolkit"/>
    <property name="java.vm.info" value="mixed mode"/>
    <property name="java.version" value="1.8.0_221"/>
    <property name="java.ext.dirs" value="C:\Program Files\Java\jdk1.8.0_221\jre\lib\ext;C:\WINDOWS\Sun\Java\lib\ext"/>
    <property name="sun.boot.class.path" value="C:\Program Files\Java\jdk1.8.0_221\jre\lib\resources.jar;C:\Program Files\Java\jdk1.8.0_221\jre\lib\rt.jar;C:\Program Files\Java\jdk1.8.0_221\jre\lib\sunrsasign.jar;C:\Program Files\Java\jdk1.8.0_221\jre\lib\jsse.jar;C:\Program Files\Java\jdk1.8.0_221\jre\lib\jce.jar;C:\Program Files\Java\jdk1.8.0_221\jre\lib\charsets.jar;C:\Program Files\Java\jdk1.8.0_221\jre\lib\jfr.jar;C:\Program Files\Java\jdk1.8.0_221\jre\classes"/>
    <property name="java.vendor" value="Oracle Corporation"/>
    <property name="maven.home" value="C:\Program Files\JetBrains\IntelliJ IDEA 2020.1\plugins\maven\lib\maven3"/>
    <property name="file.separator" value="\"/>
    <property name="java.vendor.url.bug" value="http://bugreport.sun.com/bugreport/"/>
    <property name="sun.cpu.endian" value="little"/>
    <property name="sun.io.unicode.encoding" value="UnicodeLittle"/>
    <property name="sun.desktop" value="windows"/>
    <property name="sun.cpu.isalist" value="amd64"/>
  </properties>
  <testcase name="verifyDeleteAuthor" classname="AuthorTests" time="9.598"/>
  <testcase name="verifyGetAllAuthors" classname="AuthorTests" time="0.066"/>
  <testcase name="verifyGetAuthorById" classname="AuthorTests" time="0.07"/>
  <testcase name="verifyPostAuthor" classname="AuthorTests" time="0.007"/>
  <testcase name="verifyPostAuthorWrong" classname="AuthorTests" time="0.047"/>
  <testcase name="verifySearchAuthorsByName" classname="AuthorTests" time="0.086"/>
  <testcase name="verifySearchAuthorsByName" classname="AuthorTests" time="0.04"/>
  <testcase name="verifySearchAuthorsByName" classname="AuthorTests" time="0.062"/>
  <testcase name="verifySearchAuthorsByName" classname="AuthorTests" time="0.048"/>
  <testcase name="verifySearchAuthorsByName" classname="AuthorTests" time="0.031"/>
  <testcase name="verifySearchAuthorsByName" classname="AuthorTests" time="0.028"/>
  <testcase name="verifySearchBookAuthor" classname="AuthorTests" time="0.029"/>
  <testcase name="verifyUpdateAuthor" classname="AuthorTests" time="0.083"/>
  <testcase name="VerifyDeleteBook" classname="BookTests" time="0.262"/>
  <testcase name="verifyBooksOfSpecialAuthor" classname="BookTests" time="0.022"/>
  <testcase name="verifyGetAllBooks" classname="BookTests" time="0.042"/>
  <testcase name="verifyGetBookById" classname="BookTests" time="0.02"/>
  <testcase name="verifyPostBook" classname="BookTests" time="0.001"/>
  <testcase name="verifyPostBookWrong" classname="BookTests" time="0.016"/>
  <testcase name="verifyUpdateBook" classname="BookTests" time="0.059"/>
  <testcase name="VerifyDeleteGenre" classname="GenreTests" time="0.058"/>
  <testcase name="verifyGetAllGenres" classname="GenreTests" time="0.045"/>
  <testcase name="verifyGetGenreById" classname="GenreTests" time="0.027"/>
  <testcase name="verifyPostGenre" classname="GenreTests" time="0.001"/>
  <testcase name="verifyPostGenreWrong" classname="GenreTests" time="0.454"/>
  <testcase name="verifyUpdateGenre" classname="GenreTests" time="0.446"/>
</testsuite>