<?xml version="1.0" encoding="UTF-8"?>
<!-- Generated by org.testng.reporters.JUnitReportReporter -->
<testsuite skipped="0" hostname="Kompukter" name="BookTests" tests="7" failures="0" timestamp="2021-08-17T22:35:59 EEST" time="1.228" errors="0">
  <testcase name="verifyBooksOfSpecialAuthor" time="0.222" classname="BookTests"/>
  <system-out/>
  <testcase name="verifyGetAllBooks" time="0.252" classname="BookTests"/>
  <system-out/>
  <testcase name="VerifyDeleteBook" time="0.438" classname="BookTests"/>
  <system-out/>
  <testcase name="verifyPostBookWrong" time="0.236" classname="BookTests"/>
  <system-out/>
  <testcase name="verifyPostBook" time="0.010" classname="BookTests"/>
  <system-out/>
  <testcase name="verifyUpdateBook" time="0.038" classname="BookTests"/>
  <system-out/>
  <testcase name="verifyGetBookById" time="0.032" classname="BookTests"/>
  <system-out/>
</testsuite> <!-- BookTests -->
