<?xml version="1.0" encoding="UTF-8"?>
<!-- Generated by org.testng.reporters.JUnitReportReporter -->
<testsuite skipped="0" hostname="Kompukter" name="GenreTests" tests="6" failures="0" timestamp="2021-08-17T22:35:58 EEST" time="0.773" errors="0">
  <testcase name="verifyGetAllGenres" time="0.201" classname="GenreTests"/>
  <system-out/>
  <testcase name="verifyPostGenre" time="0.205" classname="GenreTests"/>
  <system-out/>
  <testcase name="VerifyDeleteGenre" time="0.263" classname="GenreTests"/>
  <system-out/>
  <testcase name="verifyGetGenreById" time="0.030" classname="GenreTests"/>
  <system-out/>
  <testcase name="verifyUpdateGenre" time="0.041" classname="GenreTests"/>
  <system-out/>
  <testcase name="verifyPostGenreWrong" time="0.033" classname="GenreTests"/>
  <system-out/>
</testsuite> <!-- GenreTests -->
