<?xml version="1.0" encoding="UTF-8"?>
<!-- Generated by org.testng.reporters.JUnitReportReporter -->
<testsuite skipped="0" hostname="Kompukter" name="AuthorTests" tests="13" failures="0" timestamp="2021-08-17T22:35:58 EEST" time="11.337" errors="0">
  <testcase name="verifySearchAuthorsByName" time="0.269" classname="AuthorTests"/>
  <system-out/>
  <testcase name="verifyGetAllAuthors" time="0.583" classname="AuthorTests"/>
  <system-out/>
  <testcase name="verifySearchAuthorsByName" time="0.218" classname="AuthorTests"/>
  <system-out/>
  <testcase name="verifyGetAuthorById" time="0.320" classname="AuthorTests"/>
  <system-out/>
  <testcase name="verifySearchAuthorsByName" time="0.034" classname="AuthorTests"/>
  <system-out/>
  <testcase name="verifySearchAuthorsByName" time="0.035" classname="AuthorTests"/>
  <system-out/>
  <testcase name="verifySearchBookAuthor" time="0.037" classname="AuthorTests"/>
  <system-out/>
  <testcase name="verifyDeleteAuthor" time="9.623" classname="AuthorTests"/>
  <system-out/>
  <testcase name="verifySearchAuthorsByName" time="0.030" classname="AuthorTests"/>
  <system-out/>
  <testcase name="verifySearchAuthorsByName" time="0.086" classname="AuthorTests"/>
  <system-out/>
  <testcase name="verifyPostAuthor" time="0.008" classname="AuthorTests"/>
  <system-out/>
  <testcase name="verifyPostAuthorWrong" time="0.048" classname="AuthorTests"/>
  <system-out/>
  <testcase name="verifyUpdateAuthor" time="0.046" classname="AuthorTests"/>
  <system-out/>
</testsuite> <!-- AuthorTests -->
